# JRE version: Java(TM) SE Runtime Environment (7.0_51-b13) (build 1.7.0_51-b13)
# Java VM: Java HotSpot(TM) 64-Bit Server VM (24.51-b03 mixed mode linux-amd64 compressed oops)
Heap
 PSYoungGen      total 36864K, used 20959K [0x00000000d7680000, 0x00000000d9f80000, 0x0000000100000000)
  eden space 31744K, 49% used [0x00000000d7680000,0x00000000d85f99e8,0x00000000d9580000)
  from space 5120K, 99% used [0x00000000d9a80000,0x00000000d9f7e468,0x00000000d9f80000)
  to   space 5120K, 0% used [0x00000000d9580000,0x00000000d9580000,0x00000000d9a80000)
 ParOldGen       total 82944K, used 2626K [0x0000000086400000, 0x000000008b500000, 0x00000000d7680000)
  object space 82944K, 3% used [0x0000000086400000,0x0000000086690b78,0x000000008b500000)
 PSPermGen       total 21504K, used 19028K [0x0000000081200000, 0x0000000082700000, 0x0000000086400000)
  object space 21504K, 88% used [0x0000000081200000,0x00000000824951e8,0x0000000082700000)
GC Heap History (4 events):
Event: 5.249 GC heap before
{Heap before GC invocations=1 (full 0):
 PSYoungGen      total 36864K, used 31744K [0x00000000d7680000, 0x00000000d9f80000, 0x0000000100000000)
  eden space 31744K, 100% used [0x00000000d7680000,0x00000000d9580000,0x00000000d9580000)
  from space 5120K, 0% used [0x00000000d9a80000,0x00000000d9a80000,0x00000000d9f80000)
  to   space 5120K, 0% used [0x00000000d9580000,0x00000000d9580000,0x00000000d9a80000)
 ParOldGen       total 82944K, used 0K [0x0000000086400000, 0x000000008b500000, 0x00000000d7680000)
  object space 82944K, 0% used [0x0000000086400000,0x0000000086400000,0x000000008b500000)
 PSPermGen       total 21504K, used 18092K [0x0000000081200000, 0x0000000082700000, 0x0000000086400000)
  object space 21504K, 84% used [0x0000000081200000,0x00000000823ab258,0x0000000082700000)
Event: 5.272 GC heap after
Heap after GC invocations=1 (full 0):
 PSYoungGen      total 36864K, used 5093K [0x00000000d7680000, 0x00000000d9f80000, 0x0000000100000000)
  eden space 31744K, 0% used [0x00000000d7680000,0x00000000d7680000,0x00000000d9580000)
  from space 5120K, 99% used [0x00000000d9580000,0x00000000d9a79610,0x00000000d9a80000)
  to   space 5120K, 0% used [0x00000000d9a80000,0x00000000d9a80000,0x00000000d9f80000)
 ParOldGen       total 82944K, used 1967K [0x0000000086400000, 0x000000008b500000, 0x00000000d7680000)
  object space 82944K, 2% used [0x0000000086400000,0x00000000865ebd90,0x000000008b500000)
 PSPermGen       total 21504K, used 18092K [0x0000000081200000, 0x0000000082700000, 0x0000000086400000)
  object space 21504K, 84% used [0x0000000081200000,0x00000000823ab258,0x0000000082700000)
}
Event: 26.496 GC heap before
{Heap before GC invocations=2 (full 0):
 PSYoungGen      total 36864K, used 36837K [0x00000000d7680000, 0x00000000d9f80000, 0x0000000100000000)
  eden space 31744K, 100% used [0x00000000d7680000,0x00000000d9580000,0x00000000d9580000)
  from space 5120K, 99% used [0x00000000d9580000,0x00000000d9a79610,0x00000000d9a80000)
  to   space 5120K, 0% used [0x00000000d9a80000,0x00000000d9a80000,0x00000000d9f80000)
 ParOldGen       total 82944K, used 1967K [0x0000000086400000, 0x000000008b500000, 0x00000000d7680000)
  object space 82944K, 2% used [0x0000000086400000,0x00000000865ebd90,0x000000008b500000)
 PSPermGen       total 21504K, used 18943K [0x0000000081200000, 0x0000000082700000, 0x0000000086400000)
  object space 21504K, 88% used [0x0000000081200000,0x000000008247ffa8,0x0000000082700000)
Event: 26.519 GC heap after
Heap after GC invocations=2 (full 0):
 PSYoungGen      total 36864K, used 5113K [0x00000000d7680000, 0x00000000d9f80000, 0x0000000100000000)
  eden space 31744K, 0% used [0x00000000d7680000,0x00000000d7680000,0x00000000d9580000)
  from space 5120K, 99% used [0x00000000d9a80000,0x00000000d9f7e468,0x00000000d9f80000)
  to   space 5120K, 0% used [0x00000000d9580000,0x00000000d9580000,0x00000000d9a80000)
 ParOldGen       total 82944K, used 2626K [0x0000000086400000, 0x000000008b500000, 0x00000000d7680000)
  object space 82944K, 3% used [0x0000000086400000,0x0000000086690b78,0x000000008b500000)
 PSPermGen       total 21504K, used 18943K [0x0000000081200000, 0x0000000082700000, 0x0000000086400000)
  object space 21504K, 88% used [0x0000000081200000,0x000000008247ffa8,0x0000000082700000)
}

